<?xml version="1.0" encoding="UTF-8"?>
<!-- Generated by org.testng.reporters.JUnitReportReporter -->
<testsuite skipped="0" hostname="PCX02" name="pe.com.test.system.testCase.MantenimientoCategoria" tests="5" failures="0" timestamp="08 Nov 2018 01:26:50 GMT" time="89.769" errors="0">
  <testcase name="insertarCategoria" time="16.871" classname="pe.com.test.system.testCase.MantenimientoCategoria"/>
  <testcase name="insertarCategoria" time="11.660" classname="pe.com.test.system.testCase.MantenimientoCategoria"/>
  <testcase name="actualizarCategoria" time="20.811" classname="pe.com.test.system.testCase.MantenimientoCategoria"/>
  <testcase name="actualizarCategoria" time="20.797" classname="pe.com.test.system.testCase.MantenimientoCategoria"/>
  <testcase name="eliminarCategoria" time="19.630" classname="pe.com.test.system.testCase.MantenimientoCategoria"/>
</testsuite> <!-- pe.com.test.system.testCase.MantenimientoCategoria -->
