<?xml version="1.0" encoding="UTF-8"?>
<!-- Generated by org.testng.reporters.JUnitReportReporter -->
<testsuite skipped="0" hostname="WIN-NO5VUV5PR36" name="pe.com.test.seleniumwd.CategoriaTest" tests="2" failures="0" timestamp="09 oct 2018 14:07:05 GMT" time="98.956" errors="0">
  <testcase name="insertarCategoria_Criterio02" time="45.151" classname="pe.com.test.seleniumwd.CategoriaTest"/>
  <testcase name="insertarCategoria_Criterio01" time="53.805" classname="pe.com.test.seleniumwd.CategoriaTest"/>
</testsuite> <!-- pe.com.test.seleniumwd.CategoriaTest -->
